<?xml version="1.0" encoding="UTF-8"?>
<testng-results ignored="0" total="1" passed="1" failed="0" skipped="0">
  <reporter-output>
  </reporter-output>
  <suite started-at="2023-03-23T12:48:08 PDT" name="Default suite" finished-at="2023-03-23T12:48:20 PDT" duration-ms="11595">
    <groups>
    </groups>
    <test started-at="2023-03-23T12:48:08 PDT" name="Default test" finished-at="2023-03-23T12:48:20 PDT" duration-ms="11595">
      <class name="com.learning.march23.TestCaseOne">
        <test-method signature="test()[pri:0, instance:com.learning.march23.TestCaseOne@729d991e]" started-at="2023-03-23T12:48:08 PDT" name="test" finished-at="2023-03-23T12:48:20 PDT" duration-ms="11559" status="PASS">
          <reporter-output>
          </reporter-output>
        </test-method> <!-- test -->
      </class> <!-- com.learning.march23.TestCaseOne -->
    </test> <!-- Default test -->
  </suite> <!-- Default suite -->
</testng-results>
